./fixswntp.pl msb-fdf-k4
./fixswntp.pl dhsp-fdf-c5
./fixswntp.pl ahsb-fdf-e3
./fixswntp.pl ssb-fdf-a3
./fixswntp.pl bgrc-fdf-c5
./fixswntp.pl ahsb-fdf-e2
./fixswntp.pl bgrc-fdf-c1
./fixswntp.pl ahsb-fdf-e4
./fixswntp.pl bgrc-fdf-c4
./fixswntp.pl lib-fdf-g1
./fixswntp.pl sce-fdf-p1
./fixswntp.pl rrb-fdf-h4
./fixswntp.pl ehso-fdf-a4
./fixswntp.pl uh-2850-rack
./fixswntp.pl ahsb-709-lectern
./fixswntp.pl scet-408-lectern
./fixswntp.pl ahsb-fdf-d3
./fixswntp.pl eib-fdf-b1
./fixswntp.pl sh-311-rack
./fixswntp.pl ahsb-715-lectern
./fixswntp.pl msb-fdf-g1
./fixswntp.pl dhsp-fdf-d3
./fixswntp.pl seo-fdf-d2
./fixswntp.pl cuppah-fdf-a4
./fixswntp.pl seo-fdf-c4
./fixswntp.pl eib-fdf-b2
./fixswntp.pl node3-startel1
./fixswntp.pl dent-fdf-l1
./fixswntp.pl th-304-rack
./fixswntp.pl lcc-c005-rack
./fixswntp.pl lce-e112-lts
./fixswntp.pl dent-fdf-g3
./fixswntp.pl cmet-787-lectern
./fixswntp.pl scet-fdf-a1
./fixswntp.pl srh-fdf-c2
./fixswntp.pl sphpi-932-lectern
./fixswntp.pl etmsw-2235-lectern
./fixswntp.pl bgrc-fdf-c3
./fixswntp.pl cmwt-fdf-h6
./fixswntp.pl bh-fdf-c7
./fixswntp.pl dent-fdf-d1
./fixswntp.pl fac-fdf-b4
./fixswntp.pl lcc-c006-lectern
./fixswntp.pl bgrc-fdf-c2
./fixswntp.pl bgrc-156b-poe1
./fixswntp.pl lh-305-lectern
./fixswntp.pl ssb-fdf-j0
./fixswntp.pl lh-308-lectern
./fixswntp.pl ahsb-fdf-h4
./fixswntp.pl th-317-rack
./fixswntp.pl pharm-200b-rack
./fixswntp.pl sce-fdf-r4
./fixswntp.pl pharm-fdf-b3
./fixswntp.pl ads-fdf-j1
./fixswntp.pl tsb-fdf-a1
./fixswntp.pl bsb-fdf-g1
./fixswntp.pl bh-b21-lectern
./fixswntp.pl th-316-rack
./fixswntp.pl ses-250-lectern
./fixswntp.pl etmsw-2219-lectern
./fixswntp.pl comrb-fdf-a2
./fixswntp.pl srh-fdf-g1
./fixswntp.pl sphpi-501-psych3
./fixswntp.pl th-321-rack
./fixswntp.pl mab-fdf-i2
./fixswntp.pl ssb-fdf-j3
./fixswntp.pl bsb-fdf-p4
./fixswntp.pl lcc-c003-lectern
./fixswntp.pl lh-304-lectern
./fixswntp.pl lcc-c004-lectern
./fixswntp.pl gh-205-lectern
./fixswntp.pl etmsw-fdf-j2-poe
./fixswntp.pl sele-fdf-aa2
./fixswntp.pl selw-fdf-c4
./fixswntp.pl npi-fdf-j1
./fixswntp.pl erf-1033-lectern
./fixswntp.pl lh-307-lectern
./fixswntp.pl dent-fdf-i7
./fixswntp.pl th-305-rack
./fixswntp.pl dent-fdf-p2
./fixswntp.pl etmsw-fdf-j1
./fixswntp.pl dent-fdf-i8
./fixswntp.pl th-308-rack
./fixswntp.pl ahsb-710-lectern
./fixswntp.pl srh-fdf-c1
./fixswntp.pl lcc-c001-lectern
./fixswntp.pl selw-fdf-c5
./fixswntp.pl pharm-fdf-b7
./fixswntp.pl pharm-fdf-b6
./fixswntp.pl pharm-fdf-b11
./fixswntp.pl pharm-fdf-b10
./fixswntp.pl pharm-fdf-b9
